  main.cpp
e:\visual c\sfml\sfml\level.h(60): warning C4244: return: преобразование "double" в "float", возможна потеря данных
e:\visual c\sfml\sfml\level.h(144): warning C4244: инициализация: преобразование "double" в "float", возможна потеря данных
e:\visual c\sfml\sfml\level.h(145): warning C4244: =: преобразование "float" в "int", возможна потеря данных
e:\visual c\sfml\sfml\level.h(185): warning C4244: аргумент: преобразование "int" в "float", возможна потеря данных
e:\visual c\sfml\sfml\level.h(242): warning C4244: аргумент: преобразование "int" в "float", возможна потеря данных
e:\visual c\sfml\sfml\level.h(263): warning C4244: =: преобразование "int" в "T", возможна потеря данных
          with
          [
              T=float
          ]
e:\visual c\sfml\sfml\level.h(264): warning C4244: =: преобразование "int" в "T", возможна потеря данных
          with
          [
              T=float
          ]
e:\visual c\sfml\sfml\level.h(265): warning C4244: =: преобразование "int" в "T", возможна потеря данных
          with
          [
              T=float
          ]
e:\visual c\sfml\sfml\level.h(266): warning C4244: =: преобразование "int" в "T", возможна потеря данных
          with
          [
              T=float
          ]
e:\visual c\sfml\sfml\main.cpp(33): warning C4244: аргумент: преобразование "int" в "T", возможна потеря данных
          with
          [
              T=float
          ]
e:\visual c\sfml\sfml\main.cpp(42): warning C4244: аргумент: преобразование "float" в "int", возможна потеря данных
e:\visual c\sfml\sfml\main.cpp(72): warning C4305: =: усечение из "double" в "float"
e:\visual c\sfml\sfml\main.cpp(78): warning C4305: =: усечение из "double" в "float"
e:\visual c\sfml\sfml\main.cpp(84): warning C4305: =: усечение из "double" в "float"
e:\visual c\sfml\sfml\main.cpp(90): warning C4305: =: усечение из "double" в "float"
e:\visual c\sfml\sfml\main.cpp(147): warning C4305: =: усечение из "double" в "float"
e:\visual c\sfml\sfml\main.cpp(200): warning C4244: аргумент: преобразование "float" в "int", возможна потеря данных
e:\visual c\sfml\sfml\main.cpp(206): warning C4305: =: усечение из "double" в "float"
e:\visual c\sfml\sfml\main.cpp(213): warning C4305: =: усечение из "double" в "float"
e:\visual c\sfml\sfml\main.cpp(274): warning C4244: аргумент: преобразование "float" в "unsigned int", возможна потеря данных
e:\visual c\sfml\sfml\main.cpp(666): warning C4244: инициализация: преобразование "sf::Int64" в "float", возможна потеря данных
e:\visual c\sfml\sfml\main.cpp(667): warning C4244: =: преобразование "float" в "int", возможна потеря данных
e:\visual c\sfml\sfml\main.cpp(671): warning C4244: +=: преобразование "float" в "int", возможна потеря данных
e:\visual c\sfml\sfml\level.h(312): warning C4715: Level::GetObject: значение возвращается не при всех путях выполнения
e:\visual c\sfml\sfml\main.cpp(594): warning C4715: Game::map: значение возвращается не при всех путях выполнения
  sfml.vcxproj -> E:\VISUAL C\sfml\x64\Debug\sfml.exe
